{"/Users/u25698/Documents/GitHub/Projeto-IMC/api/src/app.js": {"path":"/Users/u25698/Documents/GitHub/Projeto-IMC/api/src/app.js","statementMap":{"0":{"start":{"line":1,"column":16},"end":{"line":1,"column":34}},"1":{"start":{"line":2,"column":13},"end":{"line":2,"column":28}},"2":{"start":{"line":3,"column":15},"end":{"line":3,"column":32}},"3":{"start":{"line":5,"column":12},"end":{"line":5,"column":21}},"4":{"start":{"line":7,"column":0},"end":{"line":7,"column":50}},"5":{"start":{"line":8,"column":0},"end":{"line":8,"column":16}},"6":{"start":{"line":9,"column":0},"end":{"line":9,"column":24}},"7":{"start":{"line":11,"column":0},"end":{"line":18,"column":3}},"8":{"start":{"line":12,"column":4},"end":{"line":17,"column":7}},"9":{"start":{"line":20,"column":0},"end":{"line":61,"column":3}},"10":{"start":{"line":21,"column":4},"end":{"line":60,"column":5}},"11":{"start":{"line":22,"column":32},"end":{"line":22,"column":51}},"12":{"start":{"line":24,"column":22},"end":{"line":24,"column":30}},"13":{"start":{"line":26,"column":8},"end":{"line":30,"column":9}},"14":{"start":{"line":27,"column":12},"end":{"line":29,"column":15}},"15":{"start":{"line":32,"column":21},"end":{"line":32,"column":43}},"16":{"start":{"line":33,"column":23},"end":{"line":33,"column":47}},"17":{"start":{"line":35,"column":8},"end":{"line":39,"column":9}},"18":{"start":{"line":36,"column":12},"end":{"line":38,"column":15}},"19":{"start":{"line":41,"column":8},"end":{"line":45,"column":9}},"20":{"start":{"line":42,"column":12},"end":{"line":44,"column":15}},"21":{"start":{"line":47,"column":20},"end":{"line":47,"column":45}},"22":{"start":{"line":49,"column":8},"end":{"line":52,"column":11}},"23":{"start":{"line":55,"column":8},"end":{"line":55,"column":34}},"24":{"start":{"line":57,"column":8},"end":{"line":59,"column":11}},"25":{"start":{"line":63,"column":0},"end":{"line":97,"column":3}},"26":{"start":{"line":64,"column":4},"end":{"line":96,"column":5}},"27":{"start":{"line":65,"column":35},"end":{"line":65,"column":54}},"28":{"start":{"line":67,"column":22},"end":{"line":67,"column":30}},"29":{"start":{"line":69,"column":8},"end":{"line":73,"column":9}},"30":{"start":{"line":70,"column":12},"end":{"line":72,"column":15}},"31":{"start":{"line":75,"column":29},"end":{"line":75,"column":50}},"32":{"start":{"line":77,"column":8},"end":{"line":81,"column":9}},"33":{"start":{"line":78,"column":12},"end":{"line":80,"column":15}},"34":{"start":{"line":83,"column":33},"end":{"line":83,"column":61}},"35":{"start":{"line":85,"column":8},"end":{"line":88,"column":11}},"36":{"start":{"line":91,"column":8},"end":{"line":91,"column":33}},"37":{"start":{"line":93,"column":8},"end":{"line":95,"column":11}},"38":{"start":{"line":99,"column":0},"end":{"line":99,"column":21}}},"fnMap":{"0":{"name":"(anonymous_0)","decl":{"start":{"line":11,"column":16},"end":{"line":11,"column":17}},"loc":{"start":{"line":11,"column":30},"end":{"line":18,"column":1}},"line":11},"1":{"name":"(anonymous_1)","decl":{"start":{"line":20,"column":26},"end":{"line":20,"column":27}},"loc":{"start":{"line":20,"column":40},"end":{"line":61,"column":1}},"line":20},"2":{"name":"(anonymous_2)","decl":{"start":{"line":63,"column":29},"end":{"line":63,"column":30}},"loc":{"start":{"line":63,"column":43},"end":{"line":97,"column":1}},"line":63}},"branchMap":{"0":{"loc":{"start":{"line":26,"column":8},"end":{"line":30,"column":9}},"type":"if","locations":[{"start":{"line":26,"column":8},"end":{"line":30,"column":9}},{"start":{},"end":{}}],"line":26},"1":{"loc":{"start":{"line":26,"column":12},"end":{"line":26,"column":47}},"type":"binary-expr","locations":[{"start":{"line":26,"column":12},"end":{"line":26,"column":18}},{"start":{"line":26,"column":22},"end":{"line":26,"column":47}}],"line":26},"2":{"loc":{"start":{"line":35,"column":8},"end":{"line":39,"column":9}},"type":"if","locations":[{"start":{"line":35,"column":8},"end":{"line":39,"column":9}},{"start":{},"end":{}}],"line":35},"3":{"loc":{"start":{"line":35,"column":12},"end":{"line":35,"column":36}},"type":"binary-expr","locations":[{"start":{"line":35,"column":12},"end":{"line":35,"column":23}},{"start":{"line":35,"column":27},"end":{"line":35,"column":36}}],"line":35},"4":{"loc":{"start":{"line":41,"column":8},"end":{"line":45,"column":9}},"type":"if","locations":[{"start":{"line":41,"column":8},"end":{"line":45,"column":9}},{"start":{},"end":{}}],"line":41},"5":{"loc":{"start":{"line":41,"column":12},"end":{"line":41,"column":40}},"type":"binary-expr","locations":[{"start":{"line":41,"column":12},"end":{"line":41,"column":25}},{"start":{"line":41,"column":29},"end":{"line":41,"column":40}}],"line":41},"6":{"loc":{"start":{"line":69,"column":8},"end":{"line":73,"column":9}},"type":"if","locations":[{"start":{"line":69,"column":8},"end":{"line":73,"column":9}},{"start":{},"end":{}}],"line":69},"7":{"loc":{"start":{"line":69,"column":12},"end":{"line":69,"column":47}},"type":"binary-expr","locations":[{"start":{"line":69,"column":12},"end":{"line":69,"column":18}},{"start":{"line":69,"column":22},"end":{"line":69,"column":47}}],"line":69},"8":{"loc":{"start":{"line":77,"column":8},"end":{"line":81,"column":9}},"type":"if","locations":[{"start":{"line":77,"column":8},"end":{"line":81,"column":9}},{"start":{},"end":{}}],"line":77},"9":{"loc":{"start":{"line":77,"column":12},"end":{"line":77,"column":52}},"type":"binary-expr","locations":[{"start":{"line":77,"column":12},"end":{"line":77,"column":31}},{"start":{"line":77,"column":35},"end":{"line":77,"column":52}}],"line":77}},"s":{"0":1,"1":1,"2":1,"3":1,"4":1,"5":1,"6":1,"7":1,"8":1,"9":1,"10":0,"11":0,"12":0,"13":0,"14":0,"15":0,"16":0,"17":0,"18":0,"19":0,"20":0,"21":0,"22":0,"23":0,"24":0,"25":1,"26":0,"27":0,"28":0,"29":0,"30":0,"31":0,"32":0,"33":0,"34":0,"35":0,"36":0,"37":0,"38":1},"f":{"0":1,"1":0,"2":0},"b":{"0":[0,0],"1":[0,0],"2":[0,0],"3":[0,0],"4":[0,0],"5":[0,0],"6":[0,0],"7":[0,0],"8":[0,0],"9":[0,0]},"_coverageSchema":"1a1c01bbd47fc00a2c39e90264f33305004495a9","hash":"41053a5d886934f090134b541663138bb4618703"}
,"/Users/u25698/Documents/GitHub/Projeto-IMC/api/src/funcao.js": {"path":"/Users/u25698/Documents/GitHub/Projeto-IMC/api/src/funcao.js","statementMap":{"0":{"start":{"line":2,"column":4},"end":{"line":11,"column":5}},"1":{"start":{"line":8,"column":8},"end":{"line":10,"column":10}},"2":{"start":{"line":13,"column":4},"end":{"line":13,"column":36}},"3":{"start":{"line":17,"column":4},"end":{"line":24,"column":5}},"4":{"start":{"line":21,"column":8},"end":{"line":23,"column":10}},"5":{"start":{"line":26,"column":4},"end":{"line":27,"column":32}},"6":{"start":{"line":27,"column":8},"end":{"line":27,"column":32}},"7":{"start":{"line":29,"column":4},"end":{"line":30,"column":29}},"8":{"start":{"line":30,"column":8},"end":{"line":30,"column":29}},"9":{"start":{"line":32,"column":4},"end":{"line":33,"column":31}},"10":{"start":{"line":33,"column":8},"end":{"line":33,"column":31}},"11":{"start":{"line":35,"column":4},"end":{"line":36,"column":34}},"12":{"start":{"line":36,"column":8},"end":{"line":36,"column":34}},"13":{"start":{"line":38,"column":4},"end":{"line":39,"column":35}},"14":{"start":{"line":39,"column":8},"end":{"line":39,"column":35}},"15":{"start":{"line":41,"column":4},"end":{"line":41,"column":32}},"16":{"start":{"line":44,"column":0},"end":{"line":47,"column":2}}},"fnMap":{"0":{"name":"calcularIMC","decl":{"start":{"line":1,"column":9},"end":{"line":1,"column":20}},"loc":{"start":{"line":1,"column":35},"end":{"line":14,"column":1}},"line":1},"1":{"name":"classificarIMC","decl":{"start":{"line":16,"column":9},"end":{"line":16,"column":23}},"loc":{"start":{"line":16,"column":29},"end":{"line":42,"column":1}},"line":16}},"branchMap":{"0":{"loc":{"start":{"line":2,"column":4},"end":{"line":11,"column":5}},"type":"if","locations":[{"start":{"line":2,"column":4},"end":{"line":11,"column":5}},{"start":{},"end":{}}],"line":2},"1":{"loc":{"start":{"line":3,"column":8},"end":{"line":6,"column":21}},"type":"binary-expr","locations":[{"start":{"line":3,"column":8},"end":{"line":3,"column":26}},{"start":{"line":4,"column":8},"end":{"line":4,"column":28}},{"start":{"line":5,"column":8},"end":{"line":5,"column":19}},{"start":{"line":6,"column":8},"end":{"line":6,"column":21}}],"line":3},"2":{"loc":{"start":{"line":17,"column":4},"end":{"line":24,"column":5}},"type":"if","locations":[{"start":{"line":17,"column":4},"end":{"line":24,"column":5}},{"start":{},"end":{}}],"line":17},"3":{"loc":{"start":{"line":18,"column":8},"end":{"line":19,"column":18}},"type":"binary-expr","locations":[{"start":{"line":18,"column":8},"end":{"line":18,"column":25}},{"start":{"line":19,"column":8},"end":{"line":19,"column":18}}],"line":18},"4":{"loc":{"start":{"line":26,"column":4},"end":{"line":27,"column":32}},"type":"if","locations":[{"start":{"line":26,"column":4},"end":{"line":27,"column":32}},{"start":{},"end":{}}],"line":26},"5":{"loc":{"start":{"line":29,"column":4},"end":{"line":30,"column":29}},"type":"if","locations":[{"start":{"line":29,"column":4},"end":{"line":30,"column":29}},{"start":{},"end":{}}],"line":29},"6":{"loc":{"start":{"line":32,"column":4},"end":{"line":33,"column":31}},"type":"if","locations":[{"start":{"line":32,"column":4},"end":{"line":33,"column":31}},{"start":{},"end":{}}],"line":32},"7":{"loc":{"start":{"line":35,"column":4},"end":{"line":36,"column":34}},"type":"if","locations":[{"start":{"line":35,"column":4},"end":{"line":36,"column":34}},{"start":{},"end":{}}],"line":35},"8":{"loc":{"start":{"line":38,"column":4},"end":{"line":39,"column":35}},"type":"if","locations":[{"start":{"line":38,"column":4},"end":{"line":39,"column":35}},{"start":{},"end":{}}],"line":38}},"s":{"0":2,"1":1,"2":1,"3":2,"4":1,"5":1,"6":0,"7":1,"8":1,"9":0,"10":0,"11":0,"12":0,"13":0,"14":0,"15":0,"16":1},"f":{"0":2,"1":2},"b":{"0":[1,1],"1":[2,2,2,1],"2":[1,1],"3":[2,2],"4":[0,1],"5":[1,0],"6":[0,0],"7":[0,0],"8":[0,0]},"_coverageSchema":"1a1c01bbd47fc00a2c39e90264f33305004495a9","hash":"6ddf99c5078ec586d0acc848cf045372e447afe7"}
}
