TN:
SF:src/app.js
FN:11,(anonymous_0)
FN:20,(anonymous_1)
FN:63,(anonymous_2)
FNF:3
FNH:1
FNDA:1,(anonymous_0)
FNDA:0,(anonymous_1)
FNDA:0,(anonymous_2)
DA:1,1
DA:2,1
DA:3,1
DA:5,1
DA:7,1
DA:8,1
DA:9,1
DA:11,1
DA:12,1
DA:20,1
DA:21,0
DA:22,0
DA:24,0
DA:26,0
DA:27,0
DA:32,0
DA:33,0
DA:35,0
DA:36,0
DA:41,0
DA:42,0
DA:47,0
DA:49,0
DA:55,0
DA:57,0
DA:63,1
DA:64,0
DA:65,0
DA:67,0
DA:69,0
DA:70,0
DA:75,0
DA:77,0
DA:78,0
DA:83,0
DA:85,0
DA:91,0
DA:93,0
DA:99,1
LF:39
LH:12
BRDA:26,0,0,0
BRDA:26,0,1,0
BRDA:26,1,0,0
BRDA:26,1,1,0
BRDA:35,2,0,0
BRDA:35,2,1,0
BRDA:35,3,0,0
BRDA:35,3,1,0
BRDA:41,4,0,0
BRDA:41,4,1,0
BRDA:41,5,0,0
BRDA:41,5,1,0
BRDA:69,6,0,0
BRDA:69,6,1,0
BRDA:69,7,0,0
BRDA:69,7,1,0
BRDA:77,8,0,0
BRDA:77,8,1,0
BRDA:77,9,0,0
BRDA:77,9,1,0
BRF:20
BRH:0
end_of_record
TN:
SF:src/funcao.js
FN:1,calcularIMC
FN:16,classificarIMC
FNF:2
FNH:2
FNDA:2,calcularIMC
FNDA:2,classificarIMC
DA:2,2
DA:8,1
DA:13,1
DA:17,2
DA:21,1
DA:26,1
DA:27,0
DA:29,1
DA:30,1
DA:32,0
DA:33,0
DA:35,0
DA:36,0
DA:38,0
DA:39,0
DA:41,0
DA:44,1
LF:17
LH:9
BRDA:2,0,0,1
BRDA:2,0,1,1
BRDA:3,1,0,2
BRDA:3,1,1,2
BRDA:3,1,2,2
BRDA:3,1,3,1
BRDA:17,2,0,1
BRDA:17,2,1,1
BRDA:18,3,0,2
BRDA:18,3,1,2
BRDA:26,4,0,0
BRDA:26,4,1,1
BRDA:29,5,0,1
BRDA:29,5,1,0
BRDA:32,6,0,0
BRDA:32,6,1,0
BRDA:35,7,0,0
BRDA:35,7,1,0
BRDA:38,8,0,0
BRDA:38,8,1,0
BRF:20
BRH:12
end_of_record
